C:\USERS\ENIX\DOCUMENTS\VISUAL STUDIO 2012\PROJECTS\SRW\SRW\DEBUG\DATABASE.OBJ
C:\USERS\ENIX\DOCUMENTS\VISUAL STUDIO 2012\PROJECTS\SRW\SRW\DEBUG\GAME.OBJ
C:\USERS\ENIX\DOCUMENTS\VISUAL STUDIO 2012\PROJECTS\SRW\SRW\DEBUG\MAIN1.OBJ
C:\USERS\ENIX\DOCUMENTS\VISUAL STUDIO 2012\PROJECTS\SRW\SRW\DEBUG\SOUND.OBJ
C:\USERS\ENIX\DOCUMENTS\VISUAL STUDIO 2012\PROJECTS\SRW\SRW\DEBUG\SRW.OBJ
C:\USERS\ENIX\DOCUMENTS\VISUAL STUDIO 2012\PROJECTS\SRW\SRW\DEBUG\START.OBJ
C:\USERS\ENIX\DOCUMENTS\VISUAL STUDIO 2012\PROJECTS\SRW\SRW\DEBUG\ZGAMEDIRECT3DINPUTMANAGER.OBJ
C:\USERS\ENIX\DOCUMENTS\VISUAL STUDIO 2012\PROJECTS\SRW\SRW\DEBUG\ZGAMEMAINFRAME.OBJ
C:\USERS\ENIX\DOCUMENTS\VISUAL STUDIO 2012\PROJECTS\SRW\SRW\DEBUG\VC110.PDB
C:\USERS\ENIX\DOCUMENTS\VISUAL STUDIO 2012\PROJECTS\SRW\SRW\DEBUG\CEGUIINPUT.OBJ
C:\USERS\ENIX\DOCUMENTS\VISUAL STUDIO 2012\PROJECTS\SRW\SRW\DEBUG\CEGUIRENDER.OBJ
C:\USERS\ENIX\DOCUMENTS\VISUAL STUDIO 2012\PROJECTS\SRW\DEBUG\SRW.ILK
C:\USERS\ENIX\DOCUMENTS\VISUAL STUDIO 2012\PROJECTS\SRW\DEBUG\SRW.EXE
C:\USERS\ENIX\DOCUMENTS\VISUAL STUDIO 2012\PROJECTS\SRW\DEBUG\SRW.PDB
C:\Users\enix\Documents\Visual Studio 2012\Projects\SRW\SRW\Debug\CEGUIInput.obj
C:\Users\enix\Documents\Visual Studio 2012\Projects\SRW\SRW\Debug\CEGUIRender.obj
C:\Users\enix\Documents\Visual Studio 2012\Projects\SRW\SRW\Debug\Database.obj
C:\Users\enix\Documents\Visual Studio 2012\Projects\SRW\SRW\Debug\Game.obj
C:\Users\enix\Documents\Visual Studio 2012\Projects\SRW\SRW\Debug\main1.obj
C:\Users\enix\Documents\Visual Studio 2012\Projects\SRW\SRW\Debug\Sound.obj
C:\Users\enix\Documents\Visual Studio 2012\Projects\SRW\SRW\Debug\SRW.obj
C:\Users\enix\Documents\Visual Studio 2012\Projects\SRW\SRW\Debug\Start.obj
C:\Users\enix\Documents\Visual Studio 2012\Projects\SRW\SRW\Debug\ZGameDirect3DInputManager.obj
C:\Users\enix\Documents\Visual Studio 2012\Projects\SRW\SRW\Debug\ZGameMainFrame.obj
C:\Users\enix\Documents\Visual Studio 2012\Projects\SRW\SRW\Debug\cl.command.1.tlog
C:\Users\enix\Documents\Visual Studio 2012\Projects\SRW\SRW\Debug\CL.read.1.tlog
C:\Users\enix\Documents\Visual Studio 2012\Projects\SRW\SRW\Debug\CL.write.1.tlog
C:\Users\enix\Documents\Visual Studio 2012\Projects\SRW\SRW\Debug\link-cvtres.read.1.tlog
C:\Users\enix\Documents\Visual Studio 2012\Projects\SRW\SRW\Debug\link-cvtres.write.1.tlog
C:\Users\enix\Documents\Visual Studio 2012\Projects\SRW\SRW\Debug\link-rc.read.1.tlog
C:\Users\enix\Documents\Visual Studio 2012\Projects\SRW\SRW\Debug\link-rc.write.1.tlog
C:\Users\enix\Documents\Visual Studio 2012\Projects\SRW\SRW\Debug\link.11236-cvtres.read.1.tlog
C:\Users\enix\Documents\Visual Studio 2012\Projects\SRW\SRW\Debug\link.11236-cvtres.write.1.tlog
C:\Users\enix\Documents\Visual Studio 2012\Projects\SRW\SRW\Debug\link.11236-rc.read.1.tlog
C:\Users\enix\Documents\Visual Studio 2012\Projects\SRW\SRW\Debug\link.11236-rc.write.1.tlog
C:\Users\enix\Documents\Visual Studio 2012\Projects\SRW\SRW\Debug\link.11236.read.1.tlog
C:\Users\enix\Documents\Visual Studio 2012\Projects\SRW\SRW\Debug\link.11236.write.1.tlog
C:\Users\enix\Documents\Visual Studio 2012\Projects\SRW\SRW\Debug\link.1540-cvtres.read.1.tlog
C:\Users\enix\Documents\Visual Studio 2012\Projects\SRW\SRW\Debug\link.1540-cvtres.write.1.tlog
C:\Users\enix\Documents\Visual Studio 2012\Projects\SRW\SRW\Debug\link.1540-rc.read.1.tlog
C:\Users\enix\Documents\Visual Studio 2012\Projects\SRW\SRW\Debug\link.1540-rc.write.1.tlog
C:\Users\enix\Documents\Visual Studio 2012\Projects\SRW\SRW\Debug\link.1540.read.1.tlog
C:\Users\enix\Documents\Visual Studio 2012\Projects\SRW\SRW\Debug\link.1540.write.1.tlog
C:\Users\enix\Documents\Visual Studio 2012\Projects\SRW\SRW\Debug\link.18584-cvtres.read.1.tlog
C:\Users\enix\Documents\Visual Studio 2012\Projects\SRW\SRW\Debug\link.18584-cvtres.write.1.tlog
C:\Users\enix\Documents\Visual Studio 2012\Projects\SRW\SRW\Debug\link.18584-rc.read.1.tlog
C:\Users\enix\Documents\Visual Studio 2012\Projects\SRW\SRW\Debug\link.18584-rc.write.1.tlog
C:\Users\enix\Documents\Visual Studio 2012\Projects\SRW\SRW\Debug\link.18584.read.1.tlog
C:\Users\enix\Documents\Visual Studio 2012\Projects\SRW\SRW\Debug\link.18584.write.1.tlog
C:\Users\enix\Documents\Visual Studio 2012\Projects\SRW\SRW\Debug\link.28180-cvtres.read.1.tlog
C:\Users\enix\Documents\Visual Studio 2012\Projects\SRW\SRW\Debug\link.28180-cvtres.write.1.tlog
C:\Users\enix\Documents\Visual Studio 2012\Projects\SRW\SRW\Debug\link.28180-rc.read.1.tlog
C:\Users\enix\Documents\Visual Studio 2012\Projects\SRW\SRW\Debug\link.28180-rc.write.1.tlog
C:\Users\enix\Documents\Visual Studio 2012\Projects\SRW\SRW\Debug\link.28180.read.1.tlog
C:\Users\enix\Documents\Visual Studio 2012\Projects\SRW\SRW\Debug\link.28180.write.1.tlog
C:\Users\enix\Documents\Visual Studio 2012\Projects\SRW\SRW\Debug\link.28292-cvtres.read.1.tlog
C:\Users\enix\Documents\Visual Studio 2012\Projects\SRW\SRW\Debug\link.28292-cvtres.write.1.tlog
C:\Users\enix\Documents\Visual Studio 2012\Projects\SRW\SRW\Debug\link.28292-rc.read.1.tlog
C:\Users\enix\Documents\Visual Studio 2012\Projects\SRW\SRW\Debug\link.28292-rc.write.1.tlog
C:\Users\enix\Documents\Visual Studio 2012\Projects\SRW\SRW\Debug\link.28292.read.1.tlog
C:\Users\enix\Documents\Visual Studio 2012\Projects\SRW\SRW\Debug\link.28292.write.1.tlog
C:\Users\enix\Documents\Visual Studio 2012\Projects\SRW\SRW\Debug\link.28316-cvtres.read.1.tlog
C:\Users\enix\Documents\Visual Studio 2012\Projects\SRW\SRW\Debug\link.28316-cvtres.write.1.tlog
C:\Users\enix\Documents\Visual Studio 2012\Projects\SRW\SRW\Debug\link.28316-rc.read.1.tlog
C:\Users\enix\Documents\Visual Studio 2012\Projects\SRW\SRW\Debug\link.28316-rc.write.1.tlog
C:\Users\enix\Documents\Visual Studio 2012\Projects\SRW\SRW\Debug\link.28316.read.1.tlog
C:\Users\enix\Documents\Visual Studio 2012\Projects\SRW\SRW\Debug\link.28316.write.1.tlog
C:\Users\enix\Documents\Visual Studio 2012\Projects\SRW\SRW\Debug\link.command.1.tlog
C:\Users\enix\Documents\Visual Studio 2012\Projects\SRW\SRW\Debug\link.read.1.tlog
C:\Users\enix\Documents\Visual Studio 2012\Projects\SRW\SRW\Debug\link.write.1.tlog
C:\Users\enix\Documents\Visual Studio 2012\Projects\SRW\SRW\Debug\vc110.idb
C:\Users\enix\Documents\Visual Studio 2012\Projects\SRW\SRW\Debug\vc110.pdb
C:\Users\enix\Documents\Visual Studio 2012\Projects\SRW\Debug\SRW.pdb
